CPCL_RMSE_d2_20: 0.00612659680162
s-CPCL_RMSE_d2_20: 0.00254022042587
i-CPCL_RMSE_d2_20: 0.00249756531167
l1-CPCL_RMSE_d2_20: 0.0025436624024
CPCL_RMSE_s1_25: 0.025796700076
CPCL_RMSE_s1_25: 0.0103346498068
i-CPCL_RMSE_s1_25: 0.00744210022462
l1-CPCL_RMSE_s1_25: 0.00736672250437
s-CPCL_RMSE_s1_25: 0.00729450021935
CPCL_RMSE_s1_25: 0.00944958113009
i-CPCL_RMSE_s1_25: 0.00583320867601
s-CPCL_RMSE_s1_25: 0.0063212279044
i-CPCL_RMSE_s1_25: 0.00632166681606
l1-CPCL_RMSE_s1_25: 0.00632122713615
CPCL_RMSE_s1_25: 0.00973826695794
i-CPCL_RMSE_s1_25: 0.00639050860544
s-CPCL_RMSE_s1_25: 0.0254183958757
s-CPCL_RMSE_s1_25: 0.0063212279044
s-CPCL_RMSE_s1_25: 0.00633535578505
i-CPCL_RMSE_s1_25: 0.00644540757432
l1-CPCL_RMSE_s1_25: 0.00633535578505
CPCL_RMSE_s1_25: 0.00175257144827
i-CPCL_RMSE_s1_25: 0.00690245777213
i-CPCL_RMSE_s1_25: 0.00667390873831
i-CPCL_RMSE_s1_25: 0.00170311566734
i-CPCL_RMSE_s1_25: 0.0015763265284
i-CPCL_RMSE_s1_25: 0.00164137907748
i-CPCL_RMSE_s1_25: 0.00160397567887
i-CPCL_RMSE_s1_25: 0.00164605456489
i-CPCL_RMSE_s1_25: 0.00164605456489
s-CPCL_RMSE_s1_25: 0.00165757556903
l1-CPCL_RMSE_s1_25: 0.00164298032117
i-CPCL_RMSE_s1_25: 0.00166002599802
i-CPCL_RMSE_s1_25: 0.00163396540873
s-CPCL_RMSE_s1_25: 0.00165646774534
i-CPCL_RMSE_s1_25: 0.00165233236227
i-CPCL_RMSE_s1_25: 0.00163396540873
i-CPCL_RMSE_s1_25: 0.00166585967752
i-CPCL_RMSE_s1_25: 0.00163383833953
i-CPCL_RMSE_s1_25: 0.00165391201464
i-CPCL_RMSE_s1_25: 0.00165391201464
s-CPCL_RMSE_s1_25: 0.00165641161595
s-CPCL_RMSE_s1_25: 0.00165641738002
s-CPCL_RMSE_s1_25: 0.00165644809495
CPCL_RMSE_s2_30: 0.0112192826213
CPCL_RMSE_s2_30: 0.00463389147783
i-CPCL_RMSE_s2_30: 0.0027087252255
s-CPCL_RMSE_s2_30: 0.00252110553302
l1-CPCL_RMSE_s2_30: 0.00252110553302
i-CPCL_RMSE_s2_30: 0.0205212713089
i-CPCL_RMSE_s2_30: 0.0028225353393
i-CPCL_RMSE_s2_30: 0.00282866681662
s-CPCL_RMSE_s2_30: 0.0087457431893
s-CPCL_RMSE_s2_30: 0.00251093586656
i-CPCL_RMSE_s2_30: 0.00274418721494
l1-CPCL_RMSE_s2_30: 0.00270859845052
CPCL_RMSE_s2_30: 0.00463389147783
l1-CPCL_RMSE_s2_30: 0.00270766906818
l1-CPCL_RMSE_s2_30: 0.00270775737402
l1-CPCL_RMSE_s2_30: 0.00270884482868
l1-CPCL_RMSE_s2_30: 0.00273523450337
CPCL_RMSE_s2_30: 0.0116242284127
CPCL_RMSE_s2_30: 0.0116242284127
CPCL_RMSE_s2_30: 0.0116242284127
CPCL_RMSE_s2_30: 0.0116242284127
CPCL_RMSE_s2_30: 0.0116242284127
CPCL_RMSE_d1_15: 0.0330633228766
i-CPCL_RMSE_s2_15: 0.025315178343
CPCL_RMSE_d1_15: 0.00104664601799
s-CPCL_RMSE_d1_15: 0.000879839808732
i-CPCL_RMSE_d1_15: 0.000879918539113
i-CPCL_RMSE_d1_15: 0.000879998405682
i-CPCL_RMSE_d1_15: 0.00087985292234
l1-CPCL_RMSE_d1_15: 0.000880090947285
CPCL_RMSE_d1_20: 0.000963799366283
i-CPCL_RMSE_d1_20: 0.000879862599172
s-CPCL_RMSE_d1_20: 0.000880062324584
l1-CPCL_RMSE_d1_20: 0.00088663379923
CPCL_RMSE_d2_15: 0.0132233598909
CPCL_RMSE_d2_15: 0.00412925263034
i-CPCL_RMSE_d1_15: 0.00087985154763
s-CPCL_RMSE_d2_15: 0.00277660176217
l1-CPCL_RMSE_d1_15: 0.000879875163923
CPCL_RMSE_s1_30: 0.0020687628023
s-CPCL_RMSE_s1_30: 0.00167768600129
i-CPCL_RMSE_s1_30: 0.0124621513181
l1-CPCL_RMSE_s1_30: 0.00167728695445
i-CPCL_RMSE_s1_30: 0.00167768141476
CPCL_RMSE_s2_25: 0.00351069946024
i-CPCL_RMSE_s2_25: 0.00757098012374
s-CPCL_RMSE_s2_25: 0.00757294200895
l1-CPCL_RMSE_s2_25: 0.00650548323665
s-CPCL_RMSE_s2_25: 0.016972035386
i-CPCL_RMSE_s2_25: 0.0170557123687
l1-CPCL_RMSE_s2_25: 0.00726871198979
CPCL_RMSE_s2_25: 0.00720046053776
i-CPCL_RMSE_s2_25: 0.00738338665109
i-CPCL_RMSE_s2_25: 0.00759447839954
i-CPCL_RMSE_s2_25: 0.0359344954333
CPCL_RMSE_s2_25: 0.00294305880795
i-CPCL_RMSE_s2_25: 0.00297027436511
i-CPCL_RMSE_s2_25: 0.00273829384016
l1-CPCL_RMSE_s2_25: 0.013478346404
s-CPCL_RMSE_s2_25: 0.00278347920475
CPCL_RMSE_s1_25: 0.0112401962105
CPCL_RMSE_s1_25: 0.011361322228
CPCL_RMSE_s1_25: 0.00178719253191
CPCL_RMSE_s1_25: 0.00391502398125
CPCL_RMSE_s1_25: 0.00674297087357
CPCL_RMSE_s1_25: 0.00797443431791
CPCL_RMSE_s1_25: 0.0340325112561
CPCL_RMSE_s1_25: 0.00571253259913
CPCL_RMSE_s1_25: 0.00789434881575
